2017-12-02T02:55:53.957-0500 I CONTROL  [initandlisten] MongoDB starting : pid=6405 port=27017 dbpath=/data/db 64-bit host=Mohab-2.local
2017-12-02T02:55:53.958-0500 I CONTROL  [initandlisten] db version v3.4.10
2017-12-02T02:55:53.958-0500 I CONTROL  [initandlisten] git version: 078f28920cb24de0dd479b5ea6c66c644f6326e9
2017-12-02T02:55:53.958-0500 I CONTROL  [initandlisten] OpenSSL version: OpenSSL 1.0.2m  2 Nov 2017
2017-12-02T02:55:53.958-0500 I CONTROL  [initandlisten] allocator: system
2017-12-02T02:55:53.958-0500 I CONTROL  [initandlisten] modules: none
2017-12-02T02:55:53.958-0500 I CONTROL  [initandlisten] build environment:
2017-12-02T02:55:53.958-0500 I CONTROL  [initandlisten]     distarch: x86_64
2017-12-02T02:55:53.958-0500 I CONTROL  [initandlisten]     target_arch: x86_64
2017-12-02T02:55:53.958-0500 I CONTROL  [initandlisten] options: {}
2017-12-02T02:55:53.961-0500 I STORAGE  [initandlisten] exception in initAndListen: 98 Unable to lock file: /data/db/mongod.lock Resource temporarily unavailable. Is a mongod instance already running?, terminating
2017-12-02T02:55:53.961-0500 I NETWORK  [initandlisten] shutdown: going to close listening sockets...
2017-12-02T02:55:53.961-0500 I NETWORK  [initandlisten] shutdown: going to flush diaglog...
2017-12-02T02:55:53.961-0500 I CONTROL  [initandlisten] now exiting
2017-12-02T02:55:53.961-0500 I CONTROL  [initandlisten] shutting down with code:100
2017-12-03T18:56:28.445-0500 I CONTROL  [initandlisten] MongoDB starting : pid=27285 port=27017 dbpath=/data/db 64-bit host=Mohab-2.local
2017-12-03T18:56:28.446-0500 I CONTROL  [initandlisten] db version v3.4.10
2017-12-03T18:56:28.446-0500 I CONTROL  [initandlisten] git version: 078f28920cb24de0dd479b5ea6c66c644f6326e9
2017-12-03T18:56:28.446-0500 I CONTROL  [initandlisten] OpenSSL version: OpenSSL 1.0.2m  2 Nov 2017
2017-12-03T18:56:28.446-0500 I CONTROL  [initandlisten] allocator: system
2017-12-03T18:56:28.446-0500 I CONTROL  [initandlisten] modules: none
2017-12-03T18:56:28.446-0500 I CONTROL  [initandlisten] build environment:
2017-12-03T18:56:28.446-0500 I CONTROL  [initandlisten]     distarch: x86_64
2017-12-03T18:56:28.446-0500 I CONTROL  [initandlisten]     target_arch: x86_64
2017-12-03T18:56:28.446-0500 I CONTROL  [initandlisten] options: {}
2017-12-03T18:56:28.446-0500 I STORAGE  [initandlisten] exception in initAndListen: 98 Unable to lock file: /data/db/mongod.lock Resource temporarily unavailable. Is a mongod instance already running?, terminating
2017-12-03T18:56:28.446-0500 I NETWORK  [initandlisten] shutdown: going to close listening sockets...
2017-12-03T18:56:28.446-0500 I NETWORK  [initandlisten] shutdown: going to flush diaglog...
2017-12-03T18:56:28.446-0500 I CONTROL  [initandlisten] now exiting
2017-12-03T18:56:28.446-0500 I CONTROL  [initandlisten] shutting down with code:100
